<?xml version="1.0" encoding="UTF-8"?>
<!-- Generated by org.testng.reporters.JUnitReportReporter -->
<testsuite skipped="0" hostname="LAPTOP-JF89UMLV" name="Tests.getAPITest" tests="1" failures="0" timestamp="2020-06-07T19:44:51 IST" time="107.468" errors="0">
  <testcase name="getFirstAPIWithHeaderTest" time="107.468" classname="Tests.getAPITest"/>
  <system-out/>
</testsuite> <!-- Tests.getAPITest -->
